0000 1100
0111 1111
1000 0000
1111 1111
0010 1100
0000 0001 0010 1100
0000 0000 0000 0000 0000 0001 0010 1100
0111 1111 1111 1111
1000 0000 0000 0000
0000 0000 0000 0000 0000 0000 0000 0000 0000 0000 0000 0000 0000 0001 0010 1100
 42
225
   481
 3,855
61,680
       61,683
   15,790,320
4,294,967,295
ERROR: argument 1 must be -b | -d
usage:
./binary OPTION SIZE NUMBER
  OPTION:
    -b    NUMBER is binary and output will be in decimal.
    -d    NUMBER is decimal and output will be in binary.

  SIZE:
    -8    input is an unsigned 8-bit integer.
    -16   input is an unsigned 16-bit integer.
    -32   input is an unsigned 32-bit integer.
    -64   input is an unsigned 64-bit integer.

  NUMBER:
    number to be converted.

ERROR: argument 2 must be: -8 | -16 | -32 | -64
usage:
./binary OPTION SIZE NUMBER
  OPTION:
    -b    NUMBER is binary and output will be in decimal.
    -d    NUMBER is decimal and output will be in binary.

  SIZE:
    -8    input is an unsigned 8-bit integer.
    -16   input is an unsigned 16-bit integer.
    -32   input is an unsigned 32-bit integer.
    -64   input is an unsigned 64-bit integer.

  NUMBER:
    number to be converted.

ERROR: argument 3 is not a binary integer
usage:
./binary OPTION SIZE NUMBER
  OPTION:
    -b    NUMBER is binary and output will be in decimal.
    -d    NUMBER is decimal and output will be in binary.

  SIZE:
    -8    input is an unsigned 8-bit integer.
    -16   input is an unsigned 16-bit integer.
    -32   input is an unsigned 32-bit integer.
    -64   input is an unsigned 64-bit integer.

  NUMBER:
    number to be converted.

ERROR: argument 3 is not a decimal integer
usage:
./binary OPTION SIZE NUMBER
  OPTION:
    -b    NUMBER is binary and output will be in decimal.
    -d    NUMBER is decimal and output will be in binary.

  SIZE:
    -8    input is an unsigned 8-bit integer.
    -16   input is an unsigned 16-bit integer.
    -32   input is an unsigned 32-bit integer.
    -64   input is an unsigned 64-bit integer.

  NUMBER:
    number to be converted.

ERROR: incorrect number of arguments
usage:
./binary OPTION SIZE NUMBER
  OPTION:
    -b    NUMBER is binary and output will be in decimal.
    -d    NUMBER is decimal and output will be in binary.

  SIZE:
    -8    input is an unsigned 8-bit integer.
    -16   input is an unsigned 16-bit integer.
    -32   input is an unsigned 32-bit integer.
    -64   input is an unsigned 64-bit integer.

  NUMBER:
    number to be converted.

