    1) [%?*A
    2) [%?*AkaE*Q
    3) [%?*AkaE*Q!
    4) ~;,*CN*&V*S*D*[&W.i*\q>/*FArI*V*G*^YJ!l*_t1
    5) badcfe`gbadcfe`gbadcfe`gbadcfe`g
    6) 2*VE*]L*VgG7j*Ytb>b$y]*[#**umX<|]*X*&*K*ASkgf}:%*I<*K*Ky*\TKC*FB$pHOHVjSNui*Wc.3O*BLZ*K*S%*DjmH23rqr>*F*Upg#yW}?*]A8]*U@)'6$px*ZaUOm*H*H^*RX*J|2A*AFTup*R<>*[+r ?*C*W*CVX
    7) ByteByte
    8) gggggggggggggggggggggggggggggggg
    9) *^**w*]_K:3*NVR*J*T*[OWn<*T|\u*En5lE*V
   10) Leonhard Euler (1707 - 1783)
   11) %k_*@f:8w*W*J*O% S
   12) Hello World!!!
   13) *F*Z*Z.A<5*Oak7*^,O^aav*]*PEos*K*O*E*DJE{'o}moG*X)*GRayhMj ;}*]*C2M**cXBER*@*XoR=*FS^{?UJ*Ho3t*O:5*S*G*[M>*H`sl*W*^M]36*E_*K>bq
   14) If there's a problem you can't solve, then there is a simpler problem that you can solve. Find it!
   15) Error
   16) Error
   17) Error
   18) Error
   19) M4"*W*IqBT*L*Wo
   20) Error
   21) Error lcg_c must be a positive integer.
   22) Error
   23) Error
   24) mN6*W=e--!*GT*L*J9jig
   25) ByteBytError
   26) B*GQ<tM*^X<pP*Bdbc$@*Bq*I*N*J*X*D(tDw1p}2#t
   27) Unvo-.(*_*FS*W}*VZ*BPA*Y8iO*R*T*N)*\I
   28) Can you decrypt a few stars? *****
   29) Can you manage something that is a bit on the longer side? Remember, you are handling the data one byte at a time, so you really shouldn't be bothered by a really long input line. Just keep processing it until you reach the end of the line. I don't want to see anyone holding an entire novel in memory!
   30) .o]Lpu*Z8*H*G*Eef*W*GC2SFh*Q#1/ub3U*E*B~*Sm*O3.*@*No*W+f?*L*Drk*&Syf*NyYVLPI*[F4o*R-O+*A*@i#@-*EGY!aZ*F*^y*R*J2^**k`pv*&*UE*CwOcKsnPNj*Xdr+E*Af.=*XrcOvJ*F*G*@*V*I1p.[yM}[*C|v*KvB*RKfdRE_)VFn*\.*&**,6:*T*CGv*L!*W3 *F*T(X,(;*Q*UrkyS{-\*S_L\*U*]^q!"*G2B-*V_:3A?*EO_d4\*S*Yq^*Z3L**mmt5sTE*J2*@h@7,F\/Lmc+HH|"~]*WcXv*DX*\UA*Z:ebCoM}V*I){*Aa*J*H*N$i*]KT4PD<*X$*&-;b2F*T*By*O;*K*&l*@*To*U +$*V*Xs
